<?xml version="1.0" encoding="UTF-8"?>
<!-- Generated by org.testng.reporters.JUnitXMLReporter -->
<testsuite ignored="1" hostname="AneeshBhavan" failures="0" tests="2" name="groupnamerun-Regression" time="34.075" errors="0" timestamp="2024-11-27T07:07:08 IST">
  <testcase classname="com.sevenrmartsupermarket.tests.LoginTest" name="VerifyAdminUserLogin" time="4.015"/>
  <testcase classname="com.sevenrmartsupermarket.tests.HomeTest" name="VerifyAdminUserLogin" time="0.421"/>
  <testcase classname="com.sevenrmartsupermarket.tests.LogoutTest" name="VerifyAdminUserLogin" time="0.0">
    <ignored/>
  </testcase> <!-- VerifyAdminUserLogin -->
</testsuite> <!-- groupnamerun-Regression -->
