<?xml version="1.0" encoding="UTF-8"?>
<!-- Generated by org.testng.reporters.JUnitXMLReporter -->
<testsuite ignored="1" hostname="AneeshBhavan" failures="1" tests="2" name="groupnamerun-Regression" time="1.573" errors="0" timestamp="2024-11-26T08:01:36 IST">
  <testcase classname="com.sevenrmartsupermarket.tests.LoginTest" name="VerifyAdminUserLogin" time="1.457">
    <failure type="java.lang.NullPointerException" message="Cannot invoke &amp;quot;org.openqa.selenium.SearchContext.findElement(org.openqa.selenium.By)&amp;quot; because &amp;quot;this.searchContext&amp;quot; is null">
      <![CDATA[java.lang.NullPointerException: Cannot invoke "org.openqa.selenium.SearchContext.findElement(org.openqa.selenium.By)" because "this.searchContext" is null
at org.openqa.selenium.support.pagefactory.DefaultElementLocator.findElement(DefaultElementLocator.java:68)
at org.openqa.selenium.support.pagefactory.internal.LocatingElementHandler.invoke(LocatingElementHandler.java:38)
at jdk.proxy2/jdk.proxy2.$Proxy11.sendKeys(Unknown Source)
at com.sevenrmartsupermarket.pages.LoginPage.enterUserName(LoginPage.java:50)
at com.sevenrmartsupermarket.pages.LoginPage.login(LoginPage.java:66)
at com.sevenrmartsupermarket.tests.LoginTest.VerifyAdminUserLogin(LoginTest.java:25)
at java.base/java.util.ArrayList.forEach(ArrayList.java:1511)
at java.base/java.util.concurrent.FutureTask.run(FutureTask.java:264)
at java.base/java.util.concurrent.ThreadPoolExecutor.runWorker(ThreadPoolExecutor.java:1136)
at java.base/java.util.concurrent.ThreadPoolExecutor$Worker.run(ThreadPoolExecutor.java:635)
at java.base/java.lang.Thread.run(Thread.java:833)
... Removed 17 stack frames]]>
    </failure>
  </testcase> <!-- VerifyAdminUserLogin -->
  <testcase classname="com.sevenrmartsupermarket.tests.HomeTest" name="VerifyAdminUserLogin" time="0.006"/>
  <testcase classname="com.sevenrmartsupermarket.tests.LogoutTest" name="VerifyAdminUserLogin" time="0.0">
    <ignored/>
  </testcase> <!-- VerifyAdminUserLogin -->
</testsuite> <!-- groupnamerun-Regression -->
