<?xml version="1.0" encoding="UTF-8"?>
<testng-results ignored="0" total="1" passed="1" failed="0" skipped="0">
  <reporter-output>
  </reporter-output>
  <suite started-at="2024-11-27T19:35:27 IST" name="Default suite" finished-at="2024-11-27T19:35:33 IST" duration-ms="6036">
    <groups>
      <group name="regression">
        <method signature="HomeTest.VerifyAdminUserLogin()[pri:0, instance:com.sevenrmartsupermarket.tests.HomeTest@6e9a5ed8]" name="VerifyAdminUserLogin" class="com.sevenrmartsupermarket.tests.HomeTest"/>
      </group> <!-- regression -->
      <group name="smoke">
        <method signature="HomeTest.VerifyAdminUserLogin()[pri:0, instance:com.sevenrmartsupermarket.tests.HomeTest@6e9a5ed8]" name="VerifyAdminUserLogin" class="com.sevenrmartsupermarket.tests.HomeTest"/>
      </group> <!-- smoke -->
    </groups>
    <test started-at="2024-11-27T19:35:27 IST" name="Default test" finished-at="2024-11-27T19:35:33 IST" duration-ms="6036">
      <class name="com.sevenrmartsupermarket.tests.HomeTest">
        <test-method is-config="true" signature="launchBrowser()[pri:0, instance:com.sevenrmartsupermarket.tests.HomeTest@6e9a5ed8]" started-at="2024-11-27T19:35:27 IST" name="launchBrowser" finished-at="2024-11-27T19:35:32 IST" duration-ms="5779" status="PASS">
          <reporter-output>
          </reporter-output>
        </test-method> <!-- launchBrowser -->
        <test-method signature="VerifyAdminUserLogin()[pri:0, instance:com.sevenrmartsupermarket.tests.HomeTest@6e9a5ed8]" started-at="2024-11-27T19:35:32 IST" name="VerifyAdminUserLogin" finished-at="2024-11-27T19:35:33 IST" duration-ms="178" status="PASS">
          <reporter-output>
          </reporter-output>
        </test-method> <!-- VerifyAdminUserLogin -->
      </class> <!-- com.sevenrmartsupermarket.tests.HomeTest -->
    </test> <!-- Default test -->
  </suite> <!-- Default suite -->
</testng-results>
