<?xml version="1.0" encoding="UTF-8"?>
<testng-results ignored="0" total="1" passed="1" failed="0" skipped="0">
  <reporter-output>
  </reporter-output>
  <suite started-at="2024-11-27T23:54:20 IST" name="Default suite" finished-at="2024-11-27T23:54:27 IST" duration-ms="7679">
    <groups>
    </groups>
    <test started-at="2024-11-27T23:54:20 IST" name="Default test" finished-at="2024-11-27T23:54:27 IST" duration-ms="7679">
      <class name="com.sevenrmartsupermarket.tests.LoginTest">
        <test-method is-config="true" signature="launchBrowser()[pri:0, instance:com.sevenrmartsupermarket.tests.LoginTest@6440112d]" started-at="2024-11-27T23:54:20 IST" name="launchBrowser" finished-at="2024-11-27T23:54:26 IST" duration-ms="6188" status="PASS">
          <reporter-output>
          </reporter-output>
        </test-method> <!-- launchBrowser -->
        <test-method signature="VerifyAdminUserLogin()[pri:0, instance:com.sevenrmartsupermarket.tests.LoginTest@6440112d]" started-at="2024-11-27T23:54:26 IST" name="VerifyAdminUserLogin" finished-at="2024-11-27T23:54:27 IST" duration-ms="1406" status="PASS">
          <reporter-output>
          </reporter-output>
        </test-method> <!-- VerifyAdminUserLogin -->
      </class> <!-- com.sevenrmartsupermarket.tests.LoginTest -->
    </test> <!-- Default test -->
  </suite> <!-- Default suite -->
</testng-results>
